#
# There is insufficient memory for the Java Runtime Environment to continue.
# Native memory allocation (malloc) failed to allocate 678576 bytes for Chunk::new
# Possible reasons:
#   The system is out of physical RAM or swap space
#   The process is running with CompressedOops enabled, and the Java Heap may be blocking the growth of the native heap
# Possible solutions:
#   Reduce memory load on the system
#   Increase physical memory or swap space
#   Check if swap backing store is full
#   Decrease Java heap size (-Xmx/-Xms)
#   Decrease number of Java threads
#   Decrease Java thread stack sizes (-Xss)
#   Set larger code cache with -XX:ReservedCodeCacheSize=
#   JVM is running with Zero Based Compressed Oops mode in which the Java heap is
#     placed in the first 32GB address space. The Java Heap base address is the
#     maximum limit for the native heap growth. Please use -XX:HeapBaseMinAddress
#     to set the Java Heap base and to place the Java Heap above 32GB virtual address.
# This output file may be truncated or incomplete.
#
#  Out of Memory Error (arena.cpp:191), pid=2176, tid=23324
#
# JRE version: OpenJDK Runtime Environment Corretto-17.0.10.7.1 (17.0.10+7) (build 17.0.10+7-LTS)
# Java VM: OpenJDK 64-Bit Server VM Corretto-17.0.10.7.1 (17.0.10+7-LTS, mixed mode, sharing, tiered, compressed oops, compressed class ptrs, g1 gc, windows-amd64)
# No core dump will be written. Minidumps are not enabled by default on client versions of Windows
#

---------------  S U M M A R Y ------------

Command Line: C:\Users\nares\AppData\Local\Temp\surefire13127928784701143691\surefirebooter9444782072004155205.jar C:\Users\nares\AppData\Local\Temp\surefire13127928784701143691 2024-02-26T18-57-28_209-jvmRun1 surefire14924252859359203047tmp surefire_014734183744220884071tmp

Host: Intel(R) Core(TM) i3-8130U CPU @ 2.20GHz, 4 cores, 11G,  Windows 10 , 64 bit Build 19041 (10.0.19041.3636)
Time: Mon Feb 26 18:57:48 2024 India Standard Time elapsed time: 17.436973 seconds (0d 0h 0m 17s)

---------------  T H R E A D  ---------------

Current thread (0x0000023b53e424b0):  JavaThread "C2 CompilerThread0" daemon [_thread_in_native, id=23324, stack(0x000000e82ba00000,0x000000e82bb00000)]


Current CompileTask:
C2:  17437 2428   !   4       jdk.internal.loader.BuiltinClassLoader::loadClassOrNull (143 bytes)

Stack: [0x000000e82ba00000,0x000000e82bb00000]
Native frames: (J=compiled Java code, j=interpreted, Vv=VM code, C=native code)
V  [jvm.dll+0x67d2c9]
V  [jvm.dll+0x834b1a]
V  [jvm.dll+0x8365de]
V  [jvm.dll+0x836c43]
V  [jvm.dll+0x2477ff]
V  [jvm.dll+0xac514]
V  [jvm.dll+0xacb5c]
V  [jvm.dll+0x2aed1f]
V  [jvm.dll+0x584b67]
V  [jvm.dll+0x2228a2]
V  [jvm.dll+0x21ba9e]
V  [jvm.dll+0x219201]
V  [jvm.dll+0x1a502d]
V  [jvm.dll+0x2290de]
V  [jvm.dll+0x2272ac]
V  [jvm.dll+0x7e9bd7]
V  [jvm.dll+0x7e3fda]
V  [jvm.dll+0x67c1b5]
C  [ucrtbase.dll+0x21bb2]
C  [KERNEL32.DLL+0x17344]
C  [ntdll.dll+0x526b1]


---------------  P R O C E S S  ---------------

Threads class SMR info:
_java_thread_list=0x0000023b99c48190, length=15, elements={
0x0000023b31edeaf0, 0x0000023b53e25dc0, 0x0000023b53e26b50, 0x0000023b53e3c3d0,
0x0000023b53e3deb0, 0x0000023b53e40790, 0x0000023b53e41800, 0x0000023b53e424b0,
0x0000023b53e53a50, 0x0000023b53e66350, 0x0000023b990d8280, 0x0000023b990db5e0,
0x0000023b99126380, 0x0000023b992a5e80, 0x0000023b9a050910
}

Java Threads: ( => current thread )
  0x0000023b31edeaf0 JavaThread "main" [_thread_in_native, id=21268, stack(0x000000e82ad00000,0x000000e82ae00000)]
  0x0000023b53e25dc0 JavaThread "Reference Handler" daemon [_thread_blocked, id=8468, stack(0x000000e82b400000,0x000000e82b500000)]
  0x0000023b53e26b50 JavaThread "Finalizer" daemon [_thread_blocked, id=22156, stack(0x000000e82b500000,0x000000e82b600000)]
  0x0000023b53e3c3d0 JavaThread "Signal Dispatcher" daemon [_thread_blocked, id=20320, stack(0x000000e82b600000,0x000000e82b700000)]
  0x0000023b53e3deb0 JavaThread "Attach Listener" daemon [_thread_blocked, id=3940, stack(0x000000e82b700000,0x000000e82b800000)]
  0x0000023b53e40790 JavaThread "Service Thread" daemon [_thread_blocked, id=1852, stack(0x000000e82b800000,0x000000e82b900000)]
  0x0000023b53e41800 JavaThread "Monitor Deflation Thread" daemon [_thread_blocked, id=23216, stack(0x000000e82b900000,0x000000e82ba00000)]
=>0x0000023b53e424b0 JavaThread "C2 CompilerThread0" daemon [_thread_in_native, id=23324, stack(0x000000e82ba00000,0x000000e82bb00000)]
  0x0000023b53e53a50 JavaThread "C1 CompilerThread0" daemon [_thread_blocked, id=6812, stack(0x000000e82bb00000,0x000000e82bc00000)]
  0x0000023b53e66350 JavaThread "Sweeper thread" daemon [_thread_blocked, id=20160, stack(0x000000e82bc00000,0x000000e82bd00000)]
  0x0000023b990d8280 JavaThread "Notification Thread" daemon [_thread_blocked, id=6632, stack(0x000000e82bd00000,0x000000e82be00000)]
  0x0000023b990db5e0 JavaThread "Common-Cleaner" daemon [_thread_blocked, id=20708, stack(0x000000e82bf00000,0x000000e82c000000)]
  0x0000023b99126380 JavaThread "surefire-forkedjvm-command-thread" daemon [_thread_in_native, id=4564, stack(0x000000e82c000000,0x000000e82c100000)]
  0x0000023b992a5e80 JavaThread "surefire-forkedjvm-ping-30s" daemon [_thread_in_native, id=21424, stack(0x000000e82c100000,0x000000e82c200000)]
  0x0000023b9a050910 JavaThread "Thread-1" [_thread_in_native, id=4844, stack(0x000000e82c600000,0x000000e82c700000)]

Other Threads:
  0x0000023b53e22250 VMThread "VM Thread" [stack: 0x000000e82b300000,0x000000e82b400000] [id=11516]
  0x0000023b990da770 WatcherThread [stack: 0x000000e82be00000,0x000000e82bf00000] [id=668]
  0x0000023b33fbc480 GCTaskThread "GC Thread#0" [stack: 0x000000e82ae00000,0x000000e82af00000] [id=20300]
  0x0000023b994b33b0 GCTaskThread "GC Thread#1" [stack: 0x000000e82c200000,0x000000e82c300000] [id=10744]
  0x0000023b993d2cb0 GCTaskThread "GC Thread#2" [stack: 0x000000e82c300000,0x000000e82c400000] [id=9280]
  0x0000023b99243660 GCTaskThread "GC Thread#3" [stack: 0x000000e82c400000,0x000000e82c500000] [id=22800]
  0x0000023b33fc9d70 ConcurrentGCThread "G1 Main Marker" [stack: 0x000000e82af00000,0x000000e82b000000] [id=20740]
  0x0000023b33fcb6b0 ConcurrentGCThread "G1 Conc#0" [stack: 0x000000e82b000000,0x000000e82b100000] [id=8548]
  0x0000023b53ce00a0 ConcurrentGCThread "G1 Refine#0" [stack: 0x000000e82b100000,0x000000e82b200000] [id=8828]
  0x0000023b994cf7c0 ConcurrentGCThread "G1 Refine#1" [stack: 0x000000e82c500000,0x000000e82c600000] [id=8152]
  0x0000023b53ce09e0 ConcurrentGCThread "G1 Service" [stack: 0x000000e82b200000,0x000000e82b300000] [id=21472]

Threads with active compile tasks:
C2 CompilerThread0    17486 2428   !   4       jdk.internal.loader.BuiltinClassLoader::loadClassOrNull (143 bytes)
C1 CompilerThread0    17486 2442   !   3       java.lang.Class::getTypeName (59 bytes)

VM state: not at safepoint (normal execution)

VM Mutex/Monitor currently owned by a thread: None

Heap address: 0x0000000745800000, size: 2984 MB, Compressed Oops mode: Zero based, Oop shift amount: 3

CDS archive(s) mapped at: [0x0000023b54000000-0x0000023b54bb0000-0x0000023b54bb0000), size 12255232, SharedBaseAddress: 0x0000023b54000000, ArchiveRelocationMode: 1.
Compressed class space mapped at: 0x0000023b55000000-0x0000023b95000000, reserved size: 1073741824
Narrow klass base: 0x0000023b54000000, Narrow klass shift: 0, Narrow klass range: 0x100000000

GC Precious Log:
 CPUs: 4 total, 4 available
 Memory: 11935M
 Large Page Support: Disabled
 NUMA Support: Disabled
 Compressed Oops: Enabled (Zero based)
 Heap Region Size: 2M
 Heap Min Capacity: 8M
 Heap Initial Capacity: 188M
 Heap Max Capacity: 2984M
 Pre-touch: Disabled
 Parallel Workers: 4
 Concurrent Workers: 1
 Concurrent Refinement Workers: 4
 Periodic GC: Disabled

Heap:
 garbage-first heap   total 192512K, used 68519K [0x0000000745800000, 0x0000000800000000)
  region size 2048K, 31 young (63488K), 1 survivors (2048K)
 Metaspace       used 20245K, committed 20544K, reserved 1114112K
  class space    used 2547K, committed 2688K, reserved 1048576K

Heap Regions: E=young(eden), S=young(survivor), O=old, HS=humongous(starts), HC=humongous(continues), CS=collection set, F=free, OA=open archive, CA=closed archive, TAMS=top-at-mark-start (previous, next)
|   0|0x0000000745800000, 0x0000000745a00000, 0x0000000745a00000|100%| O|  |TAMS 0x0000000745800000, 0x0000000745800000| Untracked 
|   1|0x0000000745a00000, 0x0000000745c00000, 0x0000000745c00000|100%| O|  |TAMS 0x0000000745a00000, 0x0000000745a00000| Untracked 
|   2|0x0000000745c00000, 0x0000000745e00000, 0x0000000745e00000|100%| O|  |TAMS 0x0000000745c00000, 0x0000000745c00000| Untracked 
|   3|0x0000000745e00000, 0x0000000745ff3800, 0x0000000746000000| 97%| O|  |TAMS 0x0000000745e00000, 0x0000000745e00000| Untracked 
|   4|0x0000000746000000, 0x0000000746000000, 0x0000000746200000|  0%| F|  |TAMS 0x0000000746000000, 0x0000000746000000| Untracked 
|   5|0x0000000746200000, 0x0000000746200000, 0x0000000746400000|  0%| F|  |TAMS 0x0000000746200000, 0x0000000746200000| Untracked 
|   6|0x0000000746400000, 0x0000000746400000, 0x0000000746600000|  0%| F|  |TAMS 0x0000000746400000, 0x0000000746400000| Untracked 
|   7|0x0000000746600000, 0x0000000746600000, 0x0000000746800000|  0%| F|  |TAMS 0x0000000746600000, 0x0000000746600000| Untracked 
|   8|0x0000000746800000, 0x0000000746800000, 0x0000000746a00000|  0%| F|  |TAMS 0x0000000746800000, 0x0000000746800000| Untracked 
|   9|0x0000000746a00000, 0x0000000746a00000, 0x0000000746c00000|  0%| F|  |TAMS 0x0000000746a00000, 0x0000000746a00000| Untracked 
|  10|0x0000000746c00000, 0x0000000746c00000, 0x0000000746e00000|  0%| F|  |TAMS 0x0000000746c00000, 0x0000000746c00000| Untracked 
|  11|0x0000000746e00000, 0x0000000746e00000, 0x0000000747000000|  0%| F|  |TAMS 0x0000000746e00000, 0x0000000746e00000| Untracked 
|  12|0x0000000747000000, 0x0000000747000000, 0x0000000747200000|  0%| F|  |TAMS 0x0000000747000000, 0x0000000747000000| Untracked 
|  13|0x0000000747200000, 0x0000000747200000, 0x0000000747400000|  0%| F|  |TAMS 0x0000000747200000, 0x0000000747200000| Untracked 
|  14|0x0000000747400000, 0x0000000747400000, 0x0000000747600000|  0%| F|  |TAMS 0x0000000747400000, 0x0000000747400000| Untracked 
|  15|0x0000000747600000, 0x0000000747600000, 0x0000000747800000|  0%| F|  |TAMS 0x0000000747600000, 0x0000000747600000| Untracked 
|  16|0x0000000747800000, 0x0000000747800000, 0x0000000747a00000|  0%| F|  |TAMS 0x0000000747800000, 0x0000000747800000| Untracked 
|  17|0x0000000747a00000, 0x0000000747a00000, 0x0000000747c00000|  0%| F|  |TAMS 0x0000000747a00000, 0x0000000747a00000| Untracked 
|  18|0x0000000747c00000, 0x0000000747c00000, 0x0000000747e00000|  0%| F|  |TAMS 0x0000000747c00000, 0x0000000747c00000| Untracked 
|  19|0x0000000747e00000, 0x0000000747e00000, 0x0000000748000000|  0%| F|  |TAMS 0x0000000747e00000, 0x0000000747e00000| Untracked 
|  20|0x0000000748000000, 0x0000000748000000, 0x0000000748200000|  0%| F|  |TAMS 0x0000000748000000, 0x0000000748000000| Untracked 
|  21|0x0000000748200000, 0x0000000748200000, 0x0000000748400000|  0%| F|  |TAMS 0x0000000748200000, 0x0000000748200000| Untracked 
|  22|0x0000000748400000, 0x0000000748400000, 0x0000000748600000|  0%| F|  |TAMS 0x0000000748400000, 0x0000000748400000| Untracked 
|  23|0x0000000748600000, 0x0000000748600000, 0x0000000748800000|  0%| F|  |TAMS 0x0000000748600000, 0x0000000748600000| Untracked 
|  24|0x0000000748800000, 0x0000000748800000, 0x0000000748a00000|  0%| F|  |TAMS 0x0000000748800000, 0x0000000748800000| Untracked 
|  25|0x0000000748a00000, 0x0000000748a00000, 0x0000000748c00000|  0%| F|  |TAMS 0x0000000748a00000, 0x0000000748a00000| Untracked 
|  26|0x0000000748c00000, 0x0000000748c00000, 0x0000000748e00000|  0%| F|  |TAMS 0x0000000748c00000, 0x0000000748c00000| Untracked 
|  27|0x0000000748e00000, 0x0000000748e00000, 0x0000000749000000|  0%| F|  |TAMS 0x0000000748e00000, 0x0000000748e00000| Untracked 
|  28|0x0000000749000000, 0x0000000749000000, 0x0000000749200000|  0%| F|  |TAMS 0x0000000749000000, 0x0000000749000000| Untracked 
|  29|0x0000000749200000, 0x0000000749200000, 0x0000000749400000|  0%| F|  |TAMS 0x0000000749200000, 0x0000000749200000| Untracked 
|  30|0x0000000749400000, 0x0000000749400000, 0x0000000749600000|  0%| F|  |TAMS 0x0000000749400000, 0x0000000749400000| Untracked 
|  31|0x0000000749600000, 0x0000000749600000, 0x0000000749800000|  0%| F|  |TAMS 0x0000000749600000, 0x0000000749600000| Untracked 
|  32|0x0000000749800000, 0x0000000749800000, 0x0000000749a00000|  0%| F|  |TAMS 0x0000000749800000, 0x0000000749800000| Untracked 
|  33|0x0000000749a00000, 0x0000000749a00000, 0x0000000749c00000|  0%| F|  |TAMS 0x0000000749a00000, 0x0000000749a00000| Untracked 
|  34|0x0000000749c00000, 0x0000000749c00000, 0x0000000749e00000|  0%| F|  |TAMS 0x0000000749c00000, 0x0000000749c00000| Untracked 
|  35|0x0000000749e00000, 0x0000000749e00000, 0x000000074a000000|  0%| F|  |TAMS 0x0000000749e00000, 0x0000000749e00000| Untracked 
|  36|0x000000074a000000, 0x000000074a000000, 0x000000074a200000|  0%| F|  |TAMS 0x000000074a000000, 0x000000074a000000| Untracked 
|  37|0x000000074a200000, 0x000000074a200000, 0x000000074a400000|  0%| F|  |TAMS 0x000000074a200000, 0x000000074a200000| Untracked 
|  38|0x000000074a400000, 0x000000074a400000, 0x000000074a600000|  0%| F|  |TAMS 0x000000074a400000, 0x000000074a400000| Untracked 
|  39|0x000000074a600000, 0x000000074a600000, 0x000000074a800000|  0%| F|  |TAMS 0x000000074a600000, 0x000000074a600000| Untracked 
|  40|0x000000074a800000, 0x000000074a800000, 0x000000074aa00000|  0%| F|  |TAMS 0x000000074a800000, 0x000000074a800000| Untracked 
|  41|0x000000074aa00000, 0x000000074aa00000, 0x000000074ac00000|  0%| F|  |TAMS 0x000000074aa00000, 0x000000074aa00000| Untracked 
|  42|0x000000074ac00000, 0x000000074ac00000, 0x000000074ae00000|  0%| F|  |TAMS 0x000000074ac00000, 0x000000074ac00000| Untracked 
|  43|0x000000074ae00000, 0x000000074ae00000, 0x000000074b000000|  0%| F|  |TAMS 0x000000074ae00000, 0x000000074ae00000| Untracked 
|  44|0x000000074b000000, 0x000000074b000000, 0x000000074b200000|  0%| F|  |TAMS 0x000000074b000000, 0x000000074b000000| Untracked 
|  45|0x000000074b200000, 0x000000074b200000, 0x000000074b400000|  0%| F|  |TAMS 0x000000074b200000, 0x000000074b200000| Untracked 
|  46|0x000000074b400000, 0x000000074b400000, 0x000000074b600000|  0%| F|  |TAMS 0x000000074b400000, 0x000000074b400000| Untracked 
|  47|0x000000074b600000, 0x000000074b600000, 0x000000074b800000|  0%| F|  |TAMS 0x000000074b600000, 0x000000074b600000| Untracked 
|  48|0x000000074b800000, 0x000000074b800000, 0x000000074ba00000|  0%| F|  |TAMS 0x000000074b800000, 0x000000074b800000| Untracked 
|  49|0x000000074ba00000, 0x000000074ba00000, 0x000000074bc00000|  0%| F|  |TAMS 0x000000074ba00000, 0x000000074ba00000| Untracked 
|  50|0x000000074bc00000, 0x000000074bc00000, 0x000000074be00000|  0%| F|  |TAMS 0x000000074bc00000, 0x000000074bc00000| Untracked 
|  51|0x000000074be00000, 0x000000074be00000, 0x000000074c000000|  0%| F|  |TAMS 0x000000074be00000, 0x000000074be00000| Untracked 
|  52|0x000000074c000000, 0x000000074c000000, 0x000000074c200000|  0%| F|  |TAMS 0x000000074c000000, 0x000000074c000000| Untracked 
|  53|0x000000074c200000, 0x000000074c200000, 0x000000074c400000|  0%| F|  |TAMS 0x000000074c200000, 0x000000074c200000| Untracked 
|  54|0x000000074c400000, 0x000000074c400000, 0x000000074c600000|  0%| F|  |TAMS 0x000000074c400000, 0x000000074c400000| Untracked 
|  55|0x000000074c600000, 0x000000074c600000, 0x000000074c800000|  0%| F|  |TAMS 0x000000074c600000, 0x000000074c600000| Untracked 
|  56|0x000000074c800000, 0x000000074c800000, 0x000000074ca00000|  0%| F|  |TAMS 0x000000074c800000, 0x000000074c800000| Untracked 
|  57|0x000000074ca00000, 0x000000074ca00000, 0x000000074cc00000|  0%| F|  |TAMS 0x000000074ca00000, 0x000000074ca00000| Untracked 
|  58|0x000000074cc00000, 0x000000074cc00000, 0x000000074ce00000|  0%| F|  |TAMS 0x000000074cc00000, 0x000000074cc00000| Untracked 
|  59|0x000000074ce00000, 0x000000074ce00000, 0x000000074d000000|  0%| F|  |TAMS 0x000000074ce00000, 0x000000074ce00000| Untracked 
|  60|0x000000074d000000, 0x000000074d000000, 0x000000074d200000|  0%| F|  |TAMS 0x000000074d000000, 0x000000074d000000| Untracked 
|  61|0x000000074d200000, 0x000000074d200000, 0x000000074d400000|  0%| F|  |TAMS 0x000000074d200000, 0x000000074d200000| Untracked 
|  62|0x000000074d400000, 0x000000074d400000, 0x000000074d600000|  0%| F|  |TAMS 0x000000074d400000, 0x000000074d400000| Untracked 
|  63|0x000000074d600000, 0x000000074d7bc410, 0x000000074d800000| 86%| E|  |TAMS 0x000000074d600000, 0x000000074d600000| Complete 
|  64|0x000000074d800000, 0x000000074da00000, 0x000000074da00000|100%| E|CS|TAMS 0x000000074d800000, 0x000000074d800000| Complete 
|  65|0x000000074da00000, 0x000000074dc00000, 0x000000074dc00000|100%| E|CS|TAMS 0x000000074da00000, 0x000000074da00000| Complete 
|  66|0x000000074dc00000, 0x000000074de00000, 0x000000074de00000|100%| E|CS|TAMS 0x000000074dc00000, 0x000000074dc00000| Complete 
|  67|0x000000074de00000, 0x000000074e000000, 0x000000074e000000|100%| E|CS|TAMS 0x000000074de00000, 0x000000074de00000| Complete 
|  68|0x000000074e000000, 0x000000074e200000, 0x000000074e200000|100%| E|CS|TAMS 0x000000074e000000, 0x000000074e000000| Complete 
|  69|0x000000074e200000, 0x000000074e400000, 0x000000074e400000|100%| E|CS|TAMS 0x000000074e200000, 0x000000074e200000| Complete 
|  70|0x000000074e400000, 0x000000074e600000, 0x000000074e600000|100%| E|CS|TAMS 0x000000074e400000, 0x000000074e400000| Complete 
|  71|0x000000074e600000, 0x000000074e800000, 0x000000074e800000|100%| E|CS|TAMS 0x000000074e600000, 0x000000074e600000| Complete 
|  72|0x000000074e800000, 0x000000074ea00000, 0x000000074ea00000|100%| E|CS|TAMS 0x000000074e800000, 0x000000074e800000| Complete 
|  73|0x000000074ea00000, 0x000000074ec00000, 0x000000074ec00000|100%| E|CS|TAMS 0x000000074ea00000, 0x000000074ea00000| Complete 
|  74|0x000000074ec00000, 0x000000074ee00000, 0x000000074ee00000|100%| E|CS|TAMS 0x000000074ec00000, 0x000000074ec00000| Complete 
|  75|0x000000074ee00000, 0x000000074f000000, 0x000000074f000000|100%| E|CS|TAMS 0x000000074ee00000, 0x000000074ee00000| Complete 
|  76|0x000000074f000000, 0x000000074f200000, 0x000000074f200000|100%| E|CS|TAMS 0x000000074f000000, 0x000000074f000000| Complete 
|  77|0x000000074f200000, 0x000000074f400000, 0x000000074f400000|100%| E|CS|TAMS 0x000000074f200000, 0x000000074f200000| Complete 
|  78|0x000000074f400000, 0x000000074f600000, 0x000000074f600000|100%| E|CS|TAMS 0x000000074f400000, 0x000000074f400000| Complete 
|  79|0x000000074f600000, 0x000000074f800000, 0x000000074f800000|100%| E|CS|TAMS 0x000000074f600000, 0x000000074f600000| Complete 
|  80|0x000000074f800000, 0x000000074fa00000, 0x000000074fa00000|100%| E|CS|TAMS 0x000000074f800000, 0x000000074f800000| Complete 
|  81|0x000000074fa00000, 0x000000074fc00000, 0x000000074fc00000|100%| E|CS|TAMS 0x000000074fa00000, 0x000000074fa00000| Complete 
|  82|0x000000074fc00000, 0x000000074fe00000, 0x000000074fe00000|100%| E|CS|TAMS 0x000000074fc00000, 0x000000074fc00000| Complete 
|  83|0x000000074fe00000, 0x0000000750000000, 0x0000000750000000|100%| E|CS|TAMS 0x000000074fe00000, 0x000000074fe00000| Complete 
|  84|0x0000000750000000, 0x0000000750200000, 0x0000000750200000|100%| E|CS|TAMS 0x0000000750000000, 0x0000000750000000| Complete 
|  85|0x0000000750200000, 0x00000007502f6450, 0x0000000750400000| 48%| S|CS|TAMS 0x0000000750200000, 0x0000000750200000| Complete 
|  86|0x0000000750400000, 0x0000000750600000, 0x0000000750600000|100%| E|CS|TAMS 0x0000000750400000, 0x0000000750400000| Complete 
|  87|0x0000000750600000, 0x0000000750800000, 0x0000000750800000|100%| E|CS|TAMS 0x0000000750600000, 0x0000000750600000| Complete 
|  88|0x0000000750800000, 0x0000000750a00000, 0x0000000750a00000|100%| E|CS|TAMS 0x0000000750800000, 0x0000000750800000| Complete 
|  89|0x0000000750a00000, 0x0000000750c00000, 0x0000000750c00000|100%| E|CS|TAMS 0x0000000750a00000, 0x0000000750a00000| Complete 
|  90|0x0000000750c00000, 0x0000000750e00000, 0x0000000750e00000|100%| E|CS|TAMS 0x0000000750c00000, 0x0000000750c00000| Complete 
|  91|0x0000000750e00000, 0x0000000751000000, 0x0000000751000000|100%| E|CS|TAMS 0x0000000750e00000, 0x0000000750e00000| Complete 
|  92|0x0000000751000000, 0x0000000751200000, 0x0000000751200000|100%| E|CS|TAMS 0x0000000751000000, 0x0000000751000000| Complete 
|  93|0x0000000751200000, 0x0000000751400000, 0x0000000751400000|100%| E|CS|TAMS 0x0000000751200000, 0x0000000751200000| Complete 

Card table byte_map: [0x0000023b4b070000,0x0000023b4b650000] _byte_map_base: 0x0000023b47644000

Marking Bits (Prev, Next): (CMBitMap*) 0x0000023b33fbd9c0, (CMBitMap*) 0x0000023b33fbda00
 Prev Bits: [0x0000023b4bc30000, 0x0000023b4ead0000)
 Next Bits: [0x0000023b4ead0000, 0x0000023b51970000)

Polling page: 0x0000023b31da0000

Metaspace:

Usage:
  Non-class:     17.33 MB used.
      Class:      2.49 MB used.
       Both:     19.82 MB used.

Virtual space:
  Non-class space:       64.00 MB reserved,      17.50 MB ( 27%) committed,  1 nodes.
      Class space:        1.00 GB reserved,       2.62 MB ( <1%) committed,  1 nodes.
             Both:        1.06 GB reserved,      20.12 MB (  2%) committed. 

Chunk freelists:
   Non-Class:  14.22 MB
       Class:  13.42 MB
        Both:  27.64 MB

MaxMetaspaceSize: unlimited
CompressedClassSpaceSize: 1.00 GB
Initial GC threshold: 21.00 MB
Current GC threshold: 21.00 MB
CDS: on
MetaspaceReclaimPolicy: balanced
 - commit_granule_bytes: 65536.
 - commit_granule_words: 8192.
 - virtual_space_node_default_size: 8388608.
 - enlarge_chunks_in_place: 1.
 - new_chunks_are_fully_committed: 0.
 - uncommit_free_chunks: 1.
 - use_allocation_guard: 0.
 - handle_deallocations: 1.


Internal statistics:

num_allocs_failed_limit: 0.
num_arena_births: 224.
num_arena_deaths: 0.
num_vsnodes_births: 2.
num_vsnodes_deaths: 0.
num_space_committed: 322.
num_space_uncommitted: 0.
num_chunks_returned_to_freelist: 0.
num_chunks_taken_from_freelist: 903.
num_chunk_merges: 0.
num_chunk_splits: 633.
num_chunks_enlarged: 501.
num_inconsistent_stats: 0.

CodeHeap 'non-profiled nmethods': size=120000Kb used=1089Kb max_used=1089Kb free=118910Kb
 bounds [0x0000023b43560000, 0x0000023b437d0000, 0x0000023b4aa90000]
CodeHeap 'profiled nmethods': size=120000Kb used=4949Kb max_used=4949Kb free=115050Kb
 bounds [0x0000023b3ba90000, 0x0000023b3bf70000, 0x0000023b42fc0000]
CodeHeap 'non-nmethods': size=5760Kb used=1184Kb max_used=1239Kb free=4576Kb
 bounds [0x0000023b42fc0000, 0x0000023b43230000, 0x0000023b43560000]
 total_blobs=2917 nmethods=2435 adapters=394
 compilation: enabled
              stopped_count=0, restarted_count=0
 full_count=0

Compilation events (20 events):
Event: 17.332 Thread 0x0000023b53e53a50 2427       3       org.springframework.core.annotation.AnnotationsScanner::getDeclaredAnnotation (55 bytes)
Event: 17.332 Thread 0x0000023b53e53a50 nmethod 2427 0x0000023b3bf5b890 code [0x0000023b3bf5ba60, 0x0000023b3bf5bdf8]
Event: 17.332 Thread 0x0000023b53e53a50 2426       3       org.springframework.core.annotation.AttributeMethods::forAnnotationType (26 bytes)
Event: 17.332 Thread 0x0000023b53e53a50 nmethod 2426 0x0000023b3bf5bf90 code [0x0000023b3bf5c160, 0x0000023b3bf5c5c8]
Event: 17.348 Thread 0x0000023b53e53a50 2430       3       java.util.Collections::emptyMap (4 bytes)
Event: 17.348 Thread 0x0000023b53e53a50 nmethod 2430 0x0000023b3bf5c710 code [0x0000023b3bf5c8a0, 0x0000023b3bf5c998]
Event: 17.356 Thread 0x0000023b53e53a50 2431       1       org.springframework.boot.context.properties.bind.Bindable::getAnnotations (5 bytes)
Event: 17.356 Thread 0x0000023b53e53a50 nmethod 2431 0x0000023b43670010 code [0x0000023b436701a0, 0x0000023b43670278]
Event: 17.357 Thread 0x0000023b53e53a50 2432       3       java.util.stream.ReferencePipeline$2$1::begin (13 bytes)
Event: 17.357 Thread 0x0000023b53e53a50 nmethod 2432 0x0000023b3bf5ca10 code [0x0000023b3bf5cbc0, 0x0000023b3bf5cda8]
Event: 17.371 Thread 0x0000023b53e53a50 2433       3       java.lang.String::contains (19 bytes)
Event: 17.372 Thread 0x0000023b53e53a50 nmethod 2433 0x0000023b3bf5ce90 code [0x0000023b3bf5d040, 0x0000023b3bf5d2b8]
Event: 17.372 Thread 0x0000023b53e53a50 2434       3       java.util.Properties$LineReader::readLine (584 bytes)
Event: 17.375 Thread 0x0000023b53e53a50 nmethod 2434 0x0000023b3bf5d390 code [0x0000023b3bf5d760, 0x0000023b3bf602f8]
Event: 17.383 Thread 0x0000023b53e53a50 2437 %     3       java.util.Properties::load0 @ 29 (249 bytes)
Event: 17.384 Thread 0x0000023b53e53a50 nmethod 2437% 0x0000023b3bf61010 code [0x0000023b3bf61260, 0x0000023b3bf61fe8]
Event: 17.385 Thread 0x0000023b53e53a50 2438       3       java.util.Properties::load0 (249 bytes)
Event: 17.386 Thread 0x0000023b53e53a50 nmethod 2438 0x0000023b3bf62490 code [0x0000023b3bf626e0, 0x0000023b3bf63308]
Event: 17.387 Thread 0x0000023b53e53a50 2439       3       java.util.concurrent.ConcurrentHashMap$EntryIterator::next (51 bytes)
Event: 17.388 Thread 0x0000023b53e53a50 nmethod 2439 0x0000023b3bf63790 code [0x0000023b3bf63960, 0x0000023b3bf63e98]

GC Heap History (6 events):
Event: 0.748 GC heap before
{Heap before GC invocations=0 (full 0):
 garbage-first heap   total 192512K, used 10240K [0x0000000745800000, 0x0000000800000000)
  region size 2048K, 6 young (12288K), 0 survivors (0K)
 Metaspace       used 1933K, committed 2112K, reserved 1114112K
  class space    used 180K, committed 256K, reserved 1048576K
}
Event: 0.803 GC heap after
{Heap after GC invocations=1 (full 0):
 garbage-first heap   total 192512K, used 6201K [0x0000000745800000, 0x0000000800000000)
  region size 2048K, 1 young (2048K), 1 survivors (2048K)
 Metaspace       used 1933K, committed 2112K, reserved 1114112K
  class space    used 180K, committed 256K, reserved 1048576K
}
Event: 1.221 GC heap before
{Heap before GC invocations=1 (full 0):
 garbage-first heap   total 192512K, used 12345K [0x0000000745800000, 0x0000000800000000)
  region size 2048K, 4 young (8192K), 1 survivors (2048K)
 Metaspace       used 3198K, committed 3328K, reserved 1114112K
  class space    used 344K, committed 384K, reserved 1048576K
}
Event: 1.226 GC heap after
{Heap after GC invocations=2 (full 0):
 garbage-first heap   total 192512K, used 8168K [0x0000000745800000, 0x0000000800000000)
  region size 2048K, 1 young (2048K), 1 survivors (2048K)
 Metaspace       used 3198K, committed 3328K, reserved 1114112K
  class space    used 344K, committed 384K, reserved 1048576K
}
Event: 3.510 GC heap before
{Heap before GC invocations=2 (full 0):
 garbage-first heap   total 192512K, used 22504K [0x0000000745800000, 0x0000000800000000)
  region size 2048K, 8 young (16384K), 1 survivors (2048K)
 Metaspace       used 7249K, committed 7424K, reserved 1114112K
  class space    used 862K, committed 960K, reserved 1048576K
}
Event: 3.514 GC heap after
{Heap after GC invocations=3 (full 0):
 garbage-first heap   total 192512K, used 9127K [0x0000000745800000, 0x0000000800000000)
  region size 2048K, 1 young (2048K), 1 survivors (2048K)
 Metaspace       used 7249K, committed 7424K, reserved 1114112K
  class space    used 862K, committed 960K, reserved 1048576K
}

Dll operation events (9 events):
Event: 0.032 Loaded shared library C:\Users\nares\.jdks\corretto-17.0.10\bin\java.dll
Event: 0.077 Loaded shared library C:\Users\nares\.jdks\corretto-17.0.10\bin\jsvml.dll
Event: 0.126 Loaded shared library C:\Users\nares\.jdks\corretto-17.0.10\bin\net.dll
Event: 0.128 Loaded shared library C:\Users\nares\.jdks\corretto-17.0.10\bin\nio.dll
Event: 0.132 Loaded shared library C:\Users\nares\.jdks\corretto-17.0.10\bin\zip.dll
Event: 0.224 Loaded shared library C:\Users\nares\.jdks\corretto-17.0.10\bin\management.dll
Event: 0.230 Loaded shared library C:\Users\nares\.jdks\corretto-17.0.10\bin\management_ext.dll
Event: 0.306 Loaded shared library C:\Users\nares\.jdks\corretto-17.0.10\bin\jimage.dll
Event: 0.411 Loaded shared library C:\Users\nares\.jdks\corretto-17.0.10\bin\verify.dll

Deoptimization events (20 events):
Event: 17.381 Thread 0x0000023b31edeaf0 DEOPT PACKING pc=0x0000023b3bf600e5 sp=0x000000e82adfc0a0
Event: 17.381 Thread 0x0000023b31edeaf0 DEOPT UNPACKING pc=0x0000023b43017143 sp=0x000000e82adfb598 mode 0
Event: 17.382 Thread 0x0000023b31edeaf0 DEOPT PACKING pc=0x0000023b3bf600e5 sp=0x000000e82adfc0a0
Event: 17.382 Thread 0x0000023b31edeaf0 DEOPT UNPACKING pc=0x0000023b43017143 sp=0x000000e82adfb598 mode 0
Event: 17.383 Thread 0x0000023b31edeaf0 DEOPT PACKING pc=0x0000023b3bf600e5 sp=0x000000e82adfc0a0
Event: 17.383 Thread 0x0000023b31edeaf0 DEOPT UNPACKING pc=0x0000023b43017143 sp=0x000000e82adfb598 mode 0
Event: 17.385 Thread 0x0000023b31edeaf0 DEOPT PACKING pc=0x0000023b3bf600e5 sp=0x000000e82adfc030
Event: 17.385 Thread 0x0000023b31edeaf0 DEOPT UNPACKING pc=0x0000023b43017143 sp=0x000000e82adfb520 mode 0
Event: 17.385 Thread 0x0000023b31edeaf0 DEOPT PACKING pc=0x0000023b3bf600e5 sp=0x000000e82adfc030
Event: 17.385 Thread 0x0000023b31edeaf0 DEOPT UNPACKING pc=0x0000023b43017143 sp=0x000000e82adfb520 mode 0
Event: 17.386 Thread 0x0000023b31edeaf0 DEOPT PACKING pc=0x0000023b3bf600e5 sp=0x000000e82adfc030
Event: 17.386 Thread 0x0000023b31edeaf0 DEOPT UNPACKING pc=0x0000023b43017143 sp=0x000000e82adfb520 mode 0
Event: 17.386 Thread 0x0000023b31edeaf0 DEOPT PACKING pc=0x0000023b3bf600e5 sp=0x000000e82adfc030
Event: 17.386 Thread 0x0000023b31edeaf0 DEOPT UNPACKING pc=0x0000023b43017143 sp=0x000000e82adfb520 mode 0
Event: 17.387 Thread 0x0000023b31edeaf0 DEOPT PACKING pc=0x0000023b3bf600e5 sp=0x000000e82adfc030
Event: 17.387 Thread 0x0000023b31edeaf0 DEOPT UNPACKING pc=0x0000023b43017143 sp=0x000000e82adfb520 mode 0
Event: 17.401 Thread 0x0000023b31edeaf0 DEOPT PACKING pc=0x0000023b3bf600e5 sp=0x000000e82adfc070
Event: 17.401 Thread 0x0000023b31edeaf0 DEOPT UNPACKING pc=0x0000023b43017143 sp=0x000000e82adfb560 mode 0
Event: 17.403 Thread 0x0000023b31edeaf0 DEOPT PACKING pc=0x0000023b3bf600e5 sp=0x000000e82adfc070
Event: 17.403 Thread 0x0000023b31edeaf0 DEOPT UNPACKING pc=0x0000023b43017143 sp=0x000000e82adfb560 mode 0

Classes unloaded (0 events):
No events

Classes redefined (0 events):
No events

Internal exceptions (20 events):
Event: 14.962 Thread 0x0000023b31edeaf0 Exception <a 'java/lang/ClassNotFoundException'{0x000000074e505668}: java/lang/ObjectCustomizer> (0x000000074e505668) 
thrown [s\src\hotspot\share\classfile\systemDictionary.cpp, line 256]
Event: 14.973 Thread 0x0000023b31edeaf0 Exception <a 'java/lang/ClassNotFoundException'{0x000000074e51eea8}: org/springframework/context/annotation/ConfigurationClassPostProcessorCustomizer> (0x000000074e51eea8) 
thrown [s\src\hotspot\share\classfile\systemDictionary.cpp, line 256]
Event: 15.171 Thread 0x0000023b31edeaf0 Exception <a 'java/lang/ClassNotFoundException'{0x000000074e536878}: org/springframework/beans/factory/support/BeanDefinitionRegistryPostProcessorCustomizer> (0x000000074e536878) 
thrown [s\src\hotspot\share\classfile\systemDictionary.cpp, line 256]
Event: 15.172 Thread 0x0000023b31edeaf0 Exception <a 'java/lang/ClassNotFoundException'{0x000000074e53d4c8}: org/springframework/beans/factory/config/BeanFactoryPostProcessorCustomizer> (0x000000074e53d4c8) 
thrown [s\src\hotspot\share\classfile\systemDictionary.cpp, line 256]
Event: 15.173 Thread 0x0000023b31edeaf0 Exception <a 'java/lang/ClassNotFoundException'{0x000000074e543cf0}: org/springframework/core/PriorityOrderedCustomizer> (0x000000074e543cf0) 
thrown [s\src\hotspot\share\classfile\systemDictionary.cpp, line 256]
Event: 15.174 Thread 0x0000023b31edeaf0 Exception <a 'java/lang/ClassNotFoundException'{0x000000074e5490f0}: org/springframework/core/OrderedCustomizer> (0x000000074e5490f0) 
thrown [s\src\hotspot\share\classfile\systemDictionary.cpp, line 256]
Event: 15.175 Thread 0x0000023b31edeaf0 Exception <a 'java/lang/ClassNotFoundException'{0x000000074e54f868}: org/springframework/context/ResourceLoaderAwareCustomizer> (0x000000074e54f868) 
thrown [s\src\hotspot\share\classfile\systemDictionary.cpp, line 256]
Event: 15.176 Thread 0x0000023b31edeaf0 Exception <a 'java/lang/ClassNotFoundException'{0x000000074e556118}: org/springframework/beans/factory/AwareCustomizer> (0x000000074e556118) 
thrown [s\src\hotspot\share\classfile\systemDictionary.cpp, line 256]
Event: 15.176 Thread 0x0000023b31edeaf0 Exception <a 'java/lang/ClassNotFoundException'{0x000000074e55b9e0}: org/springframework/context/ApplicationStartupAwareCustomizer> (0x000000074e55b9e0) 
thrown [s\src\hotspot\share\classfile\systemDictionary.cpp, line 256]
Event: 15.178 Thread 0x0000023b31edeaf0 Exception <a 'java/lang/ClassNotFoundException'{0x000000074e562518}: org/springframework/beans/factory/AwareCustomizer> (0x000000074e562518) 
thrown [s\src\hotspot\share\classfile\systemDictionary.cpp, line 256]
Event: 15.179 Thread 0x0000023b31edeaf0 Exception <a 'java/lang/ClassNotFoundException'{0x000000074e567ec8}: org/springframework/beans/factory/BeanClassLoaderAwareCustomizer> (0x000000074e567ec8) 
thrown [s\src\hotspot\share\classfile\systemDictionary.cpp, line 256]
Event: 15.180 Thread 0x0000023b31edeaf0 Exception <a 'java/lang/ClassNotFoundException'{0x000000074e56e760}: org/springframework/beans/factory/AwareCustomizer> (0x000000074e56e760) 
thrown [s\src\hotspot\share\classfile\systemDictionary.cpp, line 256]
Event: 15.181 Thread 0x0000023b31edeaf0 Exception <a 'java/lang/ClassNotFoundException'{0x000000074e573d80}: org/springframework/context/EnvironmentAwareCustomizer> (0x000000074e573d80) 
thrown [s\src\hotspot\share\classfile\systemDictionary.cpp, line 256]
Event: 15.181 Thread 0x0000023b31edeaf0 Exception <a 'java/lang/ClassNotFoundException'{0x000000074e57a5b0}: org/springframework/beans/factory/AwareCustomizer> (0x000000074e57a5b0) 
thrown [s\src\hotspot\share\classfile\systemDictionary.cpp, line 256]
Event: 15.847 Thread 0x0000023b9a050400 Exception <a 'java/lang/NoSuchMethodError'{0x000000074dc07410}: 'long java.lang.invoke.DirectMethodHandle$Holder.invokeSpecial(java.lang.Object, java.lang.Object)'> (0x000000074dc07410) 
thrown [s\src\hotspot\share\interpreter\linkResolver.cpp, line 759]
Event: 15.878 Thread 0x0000023b9a050400 Exception <a 'java/lang/NoSuchMethodError'{0x000000074dc12260}: 'long java.lang.invoke.DirectMethodHandle$Holder.invokeStatic(java.lang.Object, java.lang.Object)'> (0x000000074dc12260) 
thrown [s\src\hotspot\share\interpreter\linkResolver.cpp, line 759]
Event: 15.879 Thread 0x0000023b9a050400 Exception <a 'java/lang/NoSuchMethodError'{0x000000074dc15860}: 'long java.lang.invoke.DirectMethodHandle$Holder.invokeStaticInit(java.lang.Object, java.lang.Object)'> (0x000000074dc15860) 
thrown [s\src\hotspot\share\interpreter\linkResolver.cpp, line 759]
Event: 15.886 Thread 0x0000023b9a050400 Exception <a 'java/lang/NoSuchMethodError'{0x000000074dc23388}: 'long java.lang.invoke.DirectMethodHandle$Holder.invokeInterface(java.lang.Object, java.lang.Object)'> (0x000000074dc23388) 
thrown [s\src\hotspot\share\interpreter\linkResolver.cpp, line 759]
Event: 15.886 Thread 0x0000023b9a050400 Exception <a 'java/lang/IncompatibleClassChangeError'{0x000000074dc26918}: Found class java.lang.Object, but interface was expected> (0x000000074dc26918) 
thrown [s\src\hotspot\share\interpreter\linkResolver.cpp, line 826]
Event: 15.948 Thread 0x0000023b9a050400 Exception <a 'java/lang/NoSuchMethodError'{0x000000074dc936e8}: 'java.lang.Object java.lang.invoke.DirectMethodHandle$Holder.invokeVirtual(java.lang.Object, java.lang.Object, java.lang.Object, java.lang.Object)'> (0x000000074dc936e8) 
thrown [s\src\hotspot\share\interpreter\linkResolver.cpp, line 759]

VM Operations (20 events):
Event: 9.960 Executing VM operation: Cleanup
Event: 9.980 Executing VM operation: Cleanup done
Event: 10.992 Executing VM operation: Cleanup
Event: 11.136 Executing VM operation: Cleanup done
Event: 12.150 Executing VM operation: Cleanup
Event: 12.383 Executing VM operation: Cleanup done
Event: 13.390 Executing VM operation: Cleanup
Event: 13.437 Executing VM operation: Cleanup done
Event: 14.442 Executing VM operation: Cleanup
Event: 14.600 Executing VM operation: Cleanup done
Event: 14.767 Executing VM operation: HandshakeAllThreads
Event: 14.767 Executing VM operation: HandshakeAllThreads done
Event: 14.967 Executing VM operation: HandshakeAllThreads
Event: 14.967 Executing VM operation: HandshakeAllThreads done
Event: 15.215 Executing VM operation: HandshakeAllThreads
Event: 15.287 Executing VM operation: HandshakeAllThreads done
Event: 16.287 Executing VM operation: Cleanup
Event: 16.287 Executing VM operation: Cleanup done
Event: 17.299 Executing VM operation: Cleanup
Event: 17.300 Executing VM operation: Cleanup done

Events (20 events):
Event: 14.969 loading class com/sun/beans/introspect/PropertyInfo$Name
Event: 14.969 loading class com/sun/beans/introspect/PropertyInfo$Name done
Event: 14.970 loading class java/beans/GenericBeanInfo
Event: 14.970 loading class java/beans/SimpleBeanInfo
Event: 14.972 loading class java/beans/SimpleBeanInfo done
Event: 14.972 loading class java/beans/GenericBeanInfo done
Event: 15.124 loading class java/util/Hashtable$EntrySet
Event: 15.136 loading class java/util/Hashtable$EntrySet done
Event: 15.201 loading class java/net/SocketException
Event: 15.209 loading class java/net/SocketException done
Event: 15.375 loading class java/lang/Deprecated
Event: 15.376 loading class java/lang/Deprecated done
Event: 15.640 loading class java/util/regex/Pattern$Pos
Event: 15.641 loading class java/util/regex/Pattern$Pos done
Event: 16.087 Thread 0x0000023b9a050400 Thread exited: 0x0000023b9a050400
Event: 17.406 Thread 0x0000023b9a050910 Thread added: 0x0000023b9a050910
Event: 17.428 loading class javax/naming/ldap/LdapContext
Event: 17.429 loading class javax/naming/directory/DirContext
Event: 17.429 loading class javax/naming/directory/DirContext done
Event: 17.429 loading class javax/naming/ldap/LdapContext done


Dynamic libraries:
0x00007ff718000000 - 0x00007ff71800e000 	C:\Users\nares\.jdks\corretto-17.0.10\bin\java.exe
0x00007ff8fff30000 - 0x00007ff900128000 	C:\Windows\SYSTEM32\ntdll.dll
0x00007ff8fe6f0000 - 0x00007ff8fe7ad000 	C:\Windows\System32\KERNEL32.DLL
0x00007ff8fda10000 - 0x00007ff8fdd06000 	C:\Windows\System32\KERNELBASE.dll
0x00007ff8fd820000 - 0x00007ff8fd920000 	C:\Windows\System32\ucrtbase.dll
0x00007ff8f4f80000 - 0x00007ff8f4f97000 	C:\Users\nares\.jdks\corretto-17.0.10\bin\jli.dll
0x00007ff8fef50000 - 0x00007ff8ff0ee000 	C:\Windows\System32\USER32.dll
0x00007ff8fd7f0000 - 0x00007ff8fd812000 	C:\Windows\System32\win32u.dll
0x00007ff8fdf90000 - 0x00007ff8fdfbc000 	C:\Windows\System32\GDI32.dll
0x00007ff8fdd10000 - 0x00007ff8fde2a000 	C:\Windows\System32\gdi32full.dll
0x00007ff8fd920000 - 0x00007ff8fd9bd000 	C:\Windows\System32\msvcp_win.dll
0x00007ff8f4e60000 - 0x00007ff8f4e7b000 	C:\Users\nares\.jdks\corretto-17.0.10\bin\VCRUNTIME140.dll
0x00007ff8eb150000 - 0x00007ff8eb3ea000 	C:\Windows\WinSxS\amd64_microsoft.windows.common-controls_6595b64144ccf1df_6.0.19041.3636_none_60b6a03d71f818d5\COMCTL32.dll
0x00007ff8ff700000 - 0x00007ff8ff79e000 	C:\Windows\System32\msvcrt.dll
0x00007ff8ff5d0000 - 0x00007ff8ff600000 	C:\Windows\System32\IMM32.DLL
0x00007ff8fa9e0000 - 0x00007ff8fa9ec000 	C:\Users\nares\.jdks\corretto-17.0.10\bin\vcruntime140_1.dll
0x00007ff8f4c90000 - 0x00007ff8f4d1d000 	C:\Users\nares\.jdks\corretto-17.0.10\bin\msvcp140.dll
0x00007ff889810000 - 0x00007ff88a472000 	C:\Users\nares\.jdks\corretto-17.0.10\bin\server\jvm.dll
0x00007ff8ff330000 - 0x00007ff8ff3df000 	C:\Windows\System32\ADVAPI32.dll
0x00007ff8ff600000 - 0x00007ff8ff69c000 	C:\Windows\System32\sechost.dll
0x00007ff8fece0000 - 0x00007ff8fee06000 	C:\Windows\System32\RPCRT4.dll
0x00007ff8fd3c0000 - 0x00007ff8fd40b000 	C:\Windows\SYSTEM32\POWRPROF.dll
0x00007ff8e6e40000 - 0x00007ff8e6e49000 	C:\Windows\SYSTEM32\WSOCK32.dll
0x00007ff8fee10000 - 0x00007ff8fee7b000 	C:\Windows\System32\WS2_32.dll
0x00007ff8e7e70000 - 0x00007ff8e7e97000 	C:\Windows\SYSTEM32\WINMM.dll
0x00007ff8f69a0000 - 0x00007ff8f69aa000 	C:\Windows\SYSTEM32\VERSION.dll
0x00007ff8fd3a0000 - 0x00007ff8fd3b2000 	C:\Windows\SYSTEM32\UMPDC.dll
0x00007ff8fbe20000 - 0x00007ff8fbe32000 	C:\Windows\SYSTEM32\kernel.appcore.dll
0x00007ff8f7580000 - 0x00007ff8f758a000 	C:\Users\nares\.jdks\corretto-17.0.10\bin\jimage.dll
0x00007ff8fbb30000 - 0x00007ff8fbd14000 	C:\Windows\SYSTEM32\DBGHELP.DLL
0x00007ff8e8670000 - 0x00007ff8e86a4000 	C:\Windows\SYSTEM32\dbgcore.DLL
0x00007ff8fd6b0000 - 0x00007ff8fd732000 	C:\Windows\System32\bcryptPrimitives.dll
0x00007ff8f0440000 - 0x00007ff8f0465000 	C:\Users\nares\.jdks\corretto-17.0.10\bin\java.dll
0x00007ff8bc070000 - 0x00007ff8bc147000 	C:\Users\nares\.jdks\corretto-17.0.10\bin\jsvml.dll
0x00007ff8ff7a0000 - 0x00007ff8ffee4000 	C:\Windows\System32\SHELL32.dll
0x00007ff8fb2c0000 - 0x00007ff8fba5b000 	C:\Windows\SYSTEM32\windows.storage.dll
0x00007ff8fe2f0000 - 0x00007ff8fe644000 	C:\Windows\System32\combase.dll
0x00007ff8fcf00000 - 0x00007ff8fcf2d000 	C:\Windows\SYSTEM32\Wldp.dll
0x00007ff8fe7b0000 - 0x00007ff8fe85d000 	C:\Windows\System32\SHCORE.dll
0x00007ff8fe1a0000 - 0x00007ff8fe1f5000 	C:\Windows\System32\shlwapi.dll
0x00007ff8fd540000 - 0x00007ff8fd565000 	C:\Windows\SYSTEM32\profapi.dll
0x00007ff8f4a70000 - 0x00007ff8f4a89000 	C:\Users\nares\.jdks\corretto-17.0.10\bin\net.dll
0x00007ff8f71e0000 - 0x00007ff8f72ea000 	C:\Windows\SYSTEM32\WINHTTP.dll
0x00007ff8fcc80000 - 0x00007ff8fccea000 	C:\Windows\system32\mswsock.dll
0x00007ff8f42e0000 - 0x00007ff8f42f6000 	C:\Users\nares\.jdks\corretto-17.0.10\bin\nio.dll
0x00007ff8f1ca0000 - 0x00007ff8f1cb8000 	C:\Users\nares\.jdks\corretto-17.0.10\bin\zip.dll
0x00007ff8f78b0000 - 0x00007ff8f78b9000 	C:\Users\nares\.jdks\corretto-17.0.10\bin\management.dll
0x00007ff8f7150000 - 0x00007ff8f715b000 	C:\Users\nares\.jdks\corretto-17.0.10\bin\management_ext.dll
0x00007ff8ff560000 - 0x00007ff8ff568000 	C:\Windows\System32\PSAPI.DLL
0x00007ff8f4e50000 - 0x00007ff8f4e60000 	C:\Users\nares\.jdks\corretto-17.0.10\bin\verify.dll
0x00007ff8fc990000 - 0x00007ff8fc9cb000 	C:\Windows\SYSTEM32\IPHLPAPI.DLL
0x00007ff8fecd0000 - 0x00007ff8fecd8000 	C:\Windows\System32\NSI.dll
0x00007ff8f3a20000 - 0x00007ff8f3a37000 	C:\Windows\SYSTEM32\dhcpcsvc6.DLL
0x00007ff8f3900000 - 0x00007ff8f391d000 	C:\Windows\SYSTEM32\dhcpcsvc.DLL
0x00007ff8fc9d0000 - 0x00007ff8fca9a000 	C:\Windows\SYSTEM32\DNSAPI.dll
0x00007ff8ec560000 - 0x00007ff8ec56a000 	C:\Windows\System32\rasadhlp.dll
0x00007ff8ec860000 - 0x00007ff8ec8e0000 	C:\Windows\System32\fwpuclnt.dll
0x00007ff8fd680000 - 0x00007ff8fd6a7000 	C:\Windows\System32\bcrypt.dll
0x00007ff8e7140000 - 0x00007ff8e7157000 	C:\Windows\system32\napinsp.dll
0x00007ff8e7120000 - 0x00007ff8e713b000 	C:\Windows\system32\pnrpnsp.dll
0x00007ff8e7080000 - 0x00007ff8e7095000 	C:\Windows\system32\wshbth.dll
0x00007ff8f8a90000 - 0x00007ff8f8aad000 	C:\Windows\system32\NLAapi.dll
0x00007ff8e7060000 - 0x00007ff8e7072000 	C:\Windows\System32\winrnr.dll

dbghelp: loaded successfully - version: 4.0.5 - missing functions: none
symbol engine: initialized successfully - sym options: 0x614 - pdb path: .;C:\Users\nares\.jdks\corretto-17.0.10\bin;C:\Windows\SYSTEM32;C:\Windows\WinSxS\amd64_microsoft.windows.common-controls_6595b64144ccf1df_6.0.19041.3636_none_60b6a03d71f818d5;C:\Users\nares\.jdks\corretto-17.0.10\bin\server

VM Arguments:
java_command: C:\Users\nares\AppData\Local\Temp\surefire13127928784701143691\surefirebooter9444782072004155205.jar C:\Users\nares\AppData\Local\Temp\surefire13127928784701143691 2024-02-26T18-57-28_209-jvmRun1 surefire14924252859359203047tmp surefire_014734183744220884071tmp
java_class_path (initial): C:\Users\nares\AppData\Local\Temp\surefire13127928784701143691\surefirebooter9444782072004155205.jar
Launcher Type: SUN_STANDARD

[Global flags]
     intx CICompilerCount                          = 3                                         {product} {ergonomic}
     uint ConcGCThreads                            = 1                                         {product} {ergonomic}
     uint G1ConcRefinementThreads                  = 4                                         {product} {ergonomic}
   size_t G1HeapRegionSize                         = 2097152                                   {product} {ergonomic}
    uintx GCDrainStackTargetSize                   = 64                                        {product} {ergonomic}
   size_t InitialHeapSize                          = 197132288                                 {product} {ergonomic}
   size_t MarkStackSize                            = 4194304                                   {product} {ergonomic}
   size_t MaxHeapSize                              = 3128950784                                {product} {ergonomic}
   size_t MaxNewSize                               = 1876951040                                {product} {ergonomic}
   size_t MinHeapDeltaBytes                        = 2097152                                   {product} {ergonomic}
   size_t MinHeapSize                              = 8388608                                   {product} {ergonomic}
    uintx NonNMethodCodeHeapSize                   = 5832780                                {pd product} {ergonomic}
    uintx NonProfiledCodeHeapSize                  = 122912730                              {pd product} {ergonomic}
    uintx ProfiledCodeHeapSize                     = 122912730                              {pd product} {ergonomic}
    uintx ReservedCodeCacheSize                    = 251658240                              {pd product} {ergonomic}
     bool SegmentedCodeCache                       = true                                      {product} {ergonomic}
   size_t SoftMaxHeapSize                          = 3128950784                             {manageable} {ergonomic}
     bool UseCompressedClassPointers               = true                           {product lp64_product} {ergonomic}
     bool UseCompressedOops                        = true                           {product lp64_product} {ergonomic}
     bool UseG1GC                                  = true                                      {product} {ergonomic}
     bool UseLargePagesIndividualAllocation        = false                                  {pd product} {ergonomic}

Logging:
Log output configuration:
 #0: stdout all=warning uptime,level,tags
 #1: stderr all=off uptime,level,tags

Environment Variables:
PATH=C:\Program Files (x86)\Common Files\Oracle\Java\javapath;C:\Program Files (x86)\Windows Resource Kits\Tools\;C:\Program Files\Java\jre-1.8\bin\java.exe;C:\Program Files\Azure Data Studio\bin;C:\Program Files\Microsoft SQL Server\Client SDK\ODBC\170\Tools\Binn\;C:\Program Files\Microsoft SQL Server\150\DTS\Binn\;C:\Program Files\dotnet\;C:\Program Files\Git\cmd;C:\Program Files\mongosh\bin;C:\Program Files (x86)\Microsoft SQL Server\160\Tools\Binn\;C:\Program Files\Microsoft SQL Server\160\Tools\Binn\;C:\Program Files\Microsoft SQL Server\160\DTS\Binn\;C:\Program Files (x86)\Microsoft SQL Server\160\DTS\Binn\;C:\Program Files\MongoDB\Server\6.0\bin;C:\Program Files\Docker\Docker\resources\bin;C:\Program Files\Redis;C:\Program Files\Erlang OTP\bin;C:\Program Files\nodejs\;C:\Program Files\nodejs\node_modules\npm\bin\;C:\Python311;C:\Python311\Scripts;C:\Program Files\Java\jre-1.8\bin;C:\Program Files\JetBrains\IntelliJ IDEA 2023.1.2\bin;;%WebStorm%;C:\Program Files\Azure Data Studio\bin;C:\Program Files\Azure Data Studio\bin;C:\Program Files\Java\jre-1.8\bin\java.exe;D:\WorkSpace\work\Application\CognicxContactCenter\target\windows Service\WinSW.NET4.exe;C:\Program Files\Docker\Docker\resources\bin;C:\Program Files\nodejs\node_modules\npm\bin;
USERNAME=nares
OS=Windows_NT
PROCESSOR_IDENTIFIER=Intel64 Family 6 Model 142 Stepping 10, GenuineIntel
TMP=C:\Users\nares\AppData\Local\Temp
TEMP=C:\Users\nares\AppData\Local\Temp



Periodic native trim disabled


---------------  S Y S T E M  ---------------

OS:
 Windows 10 , 64 bit Build 19041 (10.0.19041.3636)
OS uptime: 3 days 0:35 hours
Hyper-V role detected

CPU: total 4 (initial active 4) (2 cores per cpu, 2 threads per core) family 6 model 142 stepping 10 microcode 0xf0, cx8, cmov, fxsr, ht, mmx, 3dnowpref, sse, sse2, sse3, ssse3, sse4.1, sse4.2, popcnt, lzcnt, tsc, tscinvbit, avx, avx2, aes, erms, clmul, bmi1, bmi2, adx, fma, vzeroupper, clflush, clflushopt, hv
Processor Information for all 4 processors :
  Max Mhz: 2208, Current Mhz: 2208, Mhz Limit: 2208

Memory: 4k page, system-wide physical 11935M (210M free)
TotalPageFile size 24435M (AvailPageFile size 2M)
current process WorkingSet (physical memory assigned to process): 150M, peak: 150M
current process commit charge ("private bytes"): 310M, peak: 314M

vm_info: OpenJDK 64-Bit Server VM (17.0.10+7-LTS) for windows-amd64 JRE (17.0.10+7-LTS), built on Jan 10 2024 22:11:07 by "Administrator" with MS VC++ 16.10 / 16.11 (VS2019)

END.
